<?xml version="1.0" encoding="utf-8"?>
<TestRun id="d6e51411-739a-4114-a0a8-47b6be0572ab" name="abhee@HPOMNI_MJ 2025-10-30 16:06:00" runUser="HPOMNI_MJ\abhee" xmlns="http://microsoft.com/schemas/VisualStudio/TeamTest/2010">
  <Times creation="2025-10-30T16:06:00.2393553-05:00" queuing="2025-10-30T16:06:00.2393557-05:00" start="2025-10-30T16:05:58.5597151-05:00" finish="2025-10-30T16:06:00.2461153-05:00" />
  <TestSettings name="default" id="fe3d91a1-a95a-4652-ba62-cb98c78850ad">
    <Deployment runDeploymentRoot="abhee_HPOMNI_MJ_2025-10-30_16_06_00" />
  </TestSettings>
  <Results>
    <UnitTestResult executionId="4239ab2f-894d-4cb4-8a1f-d9f86a314a5a" testId="3c0071e3-bda7-b14a-85cd-e726e0f0e9e8" testName="IdentityService.Tests.Integration.UsersControllerIntegrationTests.CreateUser_ReturnsCreatedUser" computerName="HPOMNI_MJ" duration="00:00:00.0010000" startTime="2025-10-30T16:05:59.3630600-05:00" endTime="2025-10-30T16:05:59.3630765-05:00" testType="13cdc9d9-ddb5-4fa4-a97d-d965ccfc6d4b" outcome="NotExecuted" testListId="8c84fa94-04c1-424b-9868-57a2d4851a1d" relativeResultsDirectory="4239ab2f-894d-4cb4-8a1f-d9f86a314a5a">
      <Output>
        <ErrorInfo>
          <Message>Integration test requires proper database provider configuration</Message>
        </ErrorInfo>
      </Output>
    </UnitTestResult>
    <UnitTestResult executionId="26e7eea8-ec7d-48f9-a8a1-d8b9ab8e9959" testId="8f2d52ec-70cc-357f-8b51-123ef0fb3b25" testName="IdentityService.Tests.UnitTest1.Test1" computerName="HPOMNI_MJ" duration="00:00:00.0018033" startTime="2025-10-30T16:05:59.3714279-05:00" endTime="2025-10-30T16:05:59.3714285-05:00" testType="13cdc9d9-ddb5-4fa4-a97d-d965ccfc6d4b" outcome="Passed" testListId="8c84fa94-04c1-424b-9868-57a2d4851a1d" relativeResultsDirectory="26e7eea8-ec7d-48f9-a8a1-d8b9ab8e9959" />
    <UnitTestResult executionId="b2435665-9ce8-4675-bdcb-16a2f9b9f802" testId="2429c01c-2b56-6657-a0c0-f7da45258006" testName="IdentityService.Tests.Integration.UsersControllerIntegrationTests.GetUser_ReturnsUser" computerName="HPOMNI_MJ" duration="00:00:00.0010000" startTime="2025-10-30T16:05:59.3652820-05:00" endTime="2025-10-30T16:05:59.3652821-05:00" testType="13cdc9d9-ddb5-4fa4-a97d-d965ccfc6d4b" outcome="NotExecuted" testListId="8c84fa94-04c1-424b-9868-57a2d4851a1d" relativeResultsDirectory="b2435665-9ce8-4675-bdcb-16a2f9b9f802">
      <Output>
        <ErrorInfo>
          <Message>Integration test requires proper database provider configuration</Message>
        </ErrorInfo>
      </Output>
    </UnitTestResult>
    <UnitTestResult executionId="c3434928-4ad0-4266-b83b-335ec6b774bf" testId="5eeea301-b7aa-4559-9967-690010d643c4" testName="IdentityService.Tests.Services.UserServiceTests.GetUserByIdAsync_ReturnsUser_WhenExists" computerName="HPOMNI_MJ" duration="00:00:00.1815927" startTime="2025-10-30T16:06:00.1595539-05:00" endTime="2025-10-30T16:06:00.1595541-05:00" testType="13cdc9d9-ddb5-4fa4-a97d-d965ccfc6d4b" outcome="Passed" testListId="8c84fa94-04c1-424b-9868-57a2d4851a1d" relativeResultsDirectory="c3434928-4ad0-4266-b83b-335ec6b774bf" />
    <UnitTestResult executionId="a17b2483-0a26-463a-8754-5472bc3730a6" testId="0c69c75d-168c-19b2-d521-e4b85a489bc1" testName="IdentityService.Tests.Services.UserServiceTests.GetUserByIdAsync_ReturnsNull_WhenNotExists" computerName="HPOMNI_MJ" duration="00:00:00.3207078" startTime="2025-10-30T16:05:59.6856851-05:00" endTime="2025-10-30T16:05:59.6856856-05:00" testType="13cdc9d9-ddb5-4fa4-a97d-d965ccfc6d4b" outcome="Passed" testListId="8c84fa94-04c1-424b-9868-57a2d4851a1d" relativeResultsDirectory="a17b2483-0a26-463a-8754-5472bc3730a6" />
    <UnitTestResult executionId="81c79048-bb9b-47c4-ba87-a615741ee15a" testId="35766e4f-07e2-0783-a111-6e9e3b956df4" testName="IdentityService.Tests.Services.UserServiceTests.CreateUserAsync_CreatesUser_WithHashedPassword" computerName="HPOMNI_MJ" duration="00:00:00.2919227" startTime="2025-10-30T16:05:59.9777352-05:00" endTime="2025-10-30T16:05:59.9777354-05:00" testType="13cdc9d9-ddb5-4fa4-a97d-d965ccfc6d4b" outcome="Passed" testListId="8c84fa94-04c1-424b-9868-57a2d4851a1d" relativeResultsDirectory="81c79048-bb9b-47c4-ba87-a615741ee15a" />
  </Results>
  <TestDefinitions>
    <UnitTest name="IdentityService.Tests.Services.UserServiceTests.GetUserByIdAsync_ReturnsUser_WhenExists" storage="c:\abhi\projects\sri\navarch-studio\backend\identityservice.tests\bin\debug\net8.0\identityservice.tests.dll" id="5eeea301-b7aa-4559-9967-690010d643c4">
      <Execution id="c3434928-4ad0-4266-b83b-335ec6b774bf" />
      <TestMethod codeBase="C:\Abhi\Projects\Sri\navarch-studio\backend\IdentityService.Tests\bin\Debug\net8.0\IdentityService.Tests.dll" adapterTypeName="executor://xunit/VsTestRunner2/netcoreapp" className="IdentityService.Tests.Services.UserServiceTests" name="GetUserByIdAsync_ReturnsUser_WhenExists" />
    </UnitTest>
    <UnitTest name="IdentityService.Tests.Integration.UsersControllerIntegrationTests.CreateUser_ReturnsCreatedUser" storage="c:\abhi\projects\sri\navarch-studio\backend\identityservice.tests\bin\debug\net8.0\identityservice.tests.dll" id="3c0071e3-bda7-b14a-85cd-e726e0f0e9e8">
      <Execution id="4239ab2f-894d-4cb4-8a1f-d9f86a314a5a" />
      <TestMethod codeBase="C:\Abhi\Projects\Sri\navarch-studio\backend\IdentityService.Tests\bin\Debug\net8.0\IdentityService.Tests.dll" adapterTypeName="executor://xunit/VsTestRunner2/netcoreapp" className="IdentityService.Tests.Integration.UsersControllerIntegrationTests" name="CreateUser_ReturnsCreatedUser" />
    </UnitTest>
    <UnitTest name="IdentityService.Tests.Integration.UsersControllerIntegrationTests.GetUser_ReturnsUser" storage="c:\abhi\projects\sri\navarch-studio\backend\identityservice.tests\bin\debug\net8.0\identityservice.tests.dll" id="2429c01c-2b56-6657-a0c0-f7da45258006">
      <Execution id="b2435665-9ce8-4675-bdcb-16a2f9b9f802" />
      <TestMethod codeBase="C:\Abhi\Projects\Sri\navarch-studio\backend\IdentityService.Tests\bin\Debug\net8.0\IdentityService.Tests.dll" adapterTypeName="executor://xunit/VsTestRunner2/netcoreapp" className="IdentityService.Tests.Integration.UsersControllerIntegrationTests" name="GetUser_ReturnsUser" />
    </UnitTest>
    <UnitTest name="IdentityService.Tests.Services.UserServiceTests.GetUserByIdAsync_ReturnsNull_WhenNotExists" storage="c:\abhi\projects\sri\navarch-studio\backend\identityservice.tests\bin\debug\net8.0\identityservice.tests.dll" id="0c69c75d-168c-19b2-d521-e4b85a489bc1">
      <Execution id="a17b2483-0a26-463a-8754-5472bc3730a6" />
      <TestMethod codeBase="C:\Abhi\Projects\Sri\navarch-studio\backend\IdentityService.Tests\bin\Debug\net8.0\IdentityService.Tests.dll" adapterTypeName="executor://xunit/VsTestRunner2/netcoreapp" className="IdentityService.Tests.Services.UserServiceTests" name="GetUserByIdAsync_ReturnsNull_WhenNotExists" />
    </UnitTest>
    <UnitTest name="IdentityService.Tests.UnitTest1.Test1" storage="c:\abhi\projects\sri\navarch-studio\backend\identityservice.tests\bin\debug\net8.0\identityservice.tests.dll" id="8f2d52ec-70cc-357f-8b51-123ef0fb3b25">
      <Execution id="26e7eea8-ec7d-48f9-a8a1-d8b9ab8e9959" />
      <TestMethod codeBase="C:\Abhi\Projects\Sri\navarch-studio\backend\IdentityService.Tests\bin\Debug\net8.0\IdentityService.Tests.dll" adapterTypeName="executor://xunit/VsTestRunner2/netcoreapp" className="IdentityService.Tests.UnitTest1" name="Test1" />
    </UnitTest>
    <UnitTest name="IdentityService.Tests.Services.UserServiceTests.CreateUserAsync_CreatesUser_WithHashedPassword" storage="c:\abhi\projects\sri\navarch-studio\backend\identityservice.tests\bin\debug\net8.0\identityservice.tests.dll" id="35766e4f-07e2-0783-a111-6e9e3b956df4">
      <Execution id="81c79048-bb9b-47c4-ba87-a615741ee15a" />
      <TestMethod codeBase="C:\Abhi\Projects\Sri\navarch-studio\backend\IdentityService.Tests\bin\Debug\net8.0\IdentityService.Tests.dll" adapterTypeName="executor://xunit/VsTestRunner2/netcoreapp" className="IdentityService.Tests.Services.UserServiceTests" name="CreateUserAsync_CreatesUser_WithHashedPassword" />
    </UnitTest>
  </TestDefinitions>
  <TestEntries>
    <TestEntry testId="3c0071e3-bda7-b14a-85cd-e726e0f0e9e8" executionId="4239ab2f-894d-4cb4-8a1f-d9f86a314a5a" testListId="8c84fa94-04c1-424b-9868-57a2d4851a1d" />
    <TestEntry testId="8f2d52ec-70cc-357f-8b51-123ef0fb3b25" executionId="26e7eea8-ec7d-48f9-a8a1-d8b9ab8e9959" testListId="8c84fa94-04c1-424b-9868-57a2d4851a1d" />
    <TestEntry testId="2429c01c-2b56-6657-a0c0-f7da45258006" executionId="b2435665-9ce8-4675-bdcb-16a2f9b9f802" testListId="8c84fa94-04c1-424b-9868-57a2d4851a1d" />
    <TestEntry testId="5eeea301-b7aa-4559-9967-690010d643c4" executionId="c3434928-4ad0-4266-b83b-335ec6b774bf" testListId="8c84fa94-04c1-424b-9868-57a2d4851a1d" />
    <TestEntry testId="0c69c75d-168c-19b2-d521-e4b85a489bc1" executionId="a17b2483-0a26-463a-8754-5472bc3730a6" testListId="8c84fa94-04c1-424b-9868-57a2d4851a1d" />
    <TestEntry testId="35766e4f-07e2-0783-a111-6e9e3b956df4" executionId="81c79048-bb9b-47c4-ba87-a615741ee15a" testListId="8c84fa94-04c1-424b-9868-57a2d4851a1d" />
  </TestEntries>
  <TestLists>
    <TestList name="Results Not in a List" id="8c84fa94-04c1-424b-9868-57a2d4851a1d" />
    <TestList name="All Loaded Results" id="19431567-8539-422a-85d7-44ee4e166bda" />
  </TestLists>
  <ResultSummary outcome="Completed">
    <Counters total="6" executed="4" passed="4" failed="0" error="0" timeout="0" aborted="0" inconclusive="0" passedButRunAborted="0" notRunnable="0" notExecuted="0" disconnected="0" warning="0" completed="0" inProgress="0" pending="0" />
    <Output>
      <StdOut>[xUnit.net 00:00:00.00] xUnit.net VSTest Adapter v2.8.2+699d445a1a (64-bit .NET 8.0.21)&#xD;
[xUnit.net 00:00:00.41]   Discovering: IdentityService.Tests&#xD;
[xUnit.net 00:00:00.43]   Discovered:  IdentityService.Tests&#xD;
[xUnit.net 00:00:00.44]   Starting:    IdentityService.Tests&#xD;
[xUnit.net 00:00:00.46]       Integration test requires proper database provider configuration&#xD;
[xUnit.net 00:00:00.46]       Integration test requires proper database provider configuration&#xD;
     Warning:&#xD;
     The component "Fluent Assertions" is governed by the rules defined in the Xceed License Agreement and&#xD;
     the Xceed Fluent Assertions Community License. You may use Fluent Assertions free of charge for&#xD;
     non-commercial use only. An active subscription is required to use Fluent Assertions for commercial use.&#xD;
     Please contact Xceed Sales mailto:sales@xceed.com to acquire a subscription at a very low cost.&#xD;
     A paid commercial license supports the development and continued increasing support of&#xD;
     Fluent Assertions users under both commercial and community licenses. Help us&#xD;
     keep Fluent Assertions at the forefront of unit testing.&#xD;
     For more information, visit https://xceed.com/products/unit-testing/fluent-assertions/&#xD;
[xUnit.net 00:00:01.26]   Finished:    IdentityService.Tests&#xD;
Test 'IdentityService.Tests.Integration.UsersControllerIntegrationTests.CreateUser_ReturnsCreatedUser' was skipped in the test run.&#xD;
Test 'IdentityService.Tests.Integration.UsersControllerIntegrationTests.GetUser_ReturnsUser' was skipped in the test run.&#xD;
</StdOut>
    </Output>
    <RunInfos>
      <RunInfo computerName="HPOMNI_MJ" outcome="Warning" timestamp="2025-10-30T16:05:59.3629358-05:00">
        <Text>[xUnit.net 00:00:00.46]     IdentityService.Tests.Integration.UsersControllerIntegrationTests.CreateUser_ReturnsCreatedUser [SKIP]</Text>
      </RunInfo>
      <RunInfo computerName="HPOMNI_MJ" outcome="Warning" timestamp="2025-10-30T16:05:59.3654689-05:00">
        <Text>[xUnit.net 00:00:00.46]     IdentityService.Tests.Integration.UsersControllerIntegrationTests.GetUser_ReturnsUser [SKIP]</Text>
      </RunInfo>
    </RunInfos>
  </ResultSummary>
</TestRun>