<?xml version="1.0" encoding="utf-8"?>
<TestRun id="2af262b2-8e46-4089-926e-ffec782a8f81" name="abhee@HPOMNI_MJ 2025-10-30 16:06:30" runUser="HPOMNI_MJ\abhee" xmlns="http://microsoft.com/schemas/VisualStudio/TeamTest/2010">
  <Times creation="2025-10-30T16:06:30.4082213-05:00" queuing="2025-10-30T16:06:30.4082219-05:00" start="2025-10-30T16:06:28.3874850-05:00" finish="2025-10-30T16:06:30.8403047-05:00" />
  <TestSettings name="default" id="a5710132-de0b-448b-9c1d-77ca284a2f08">
    <Deployment runDeploymentRoot="abhee_HPOMNI_MJ_2025-10-30_16_06_30" />
  </TestSettings>
  <Results>
    <UnitTestResult executionId="df12d0a8-bef7-4c4a-83fb-e0b8a2ff834c" testId="5eeea301-b7aa-4559-9967-690010d643c4" testName="IdentityService.Tests.Services.UserServiceTests.GetUserByIdAsync_ReturnsUser_WhenExists" computerName="HPOMNI_MJ" duration="00:00:00.1827032" startTime="2025-10-30T16:06:30.7997978-05:00" endTime="2025-10-30T16:06:30.7997981-05:00" testType="13cdc9d9-ddb5-4fa4-a97d-d965ccfc6d4b" outcome="Passed" testListId="8c84fa94-04c1-424b-9868-57a2d4851a1d" relativeResultsDirectory="df12d0a8-bef7-4c4a-83fb-e0b8a2ff834c" />
    <UnitTestResult executionId="9c44ba8d-98fc-4940-88df-dbe5c6cc1a74" testId="2429c01c-2b56-6657-a0c0-f7da45258006" testName="IdentityService.Tests.Integration.UsersControllerIntegrationTests.GetUser_ReturnsUser" computerName="HPOMNI_MJ" duration="00:00:00.0010000" startTime="2025-10-30T16:06:29.9898476-05:00" endTime="2025-10-30T16:06:29.9898478-05:00" testType="13cdc9d9-ddb5-4fa4-a97d-d965ccfc6d4b" outcome="NotExecuted" testListId="8c84fa94-04c1-424b-9868-57a2d4851a1d" relativeResultsDirectory="9c44ba8d-98fc-4940-88df-dbe5c6cc1a74">
      <Output>
        <ErrorInfo>
          <Message>Integration test requires proper database provider configuration</Message>
        </ErrorInfo>
      </Output>
    </UnitTestResult>
    <UnitTestResult executionId="38427e2d-acf0-43a8-9833-b4af70a11dd9" testId="8f2d52ec-70cc-357f-8b51-123ef0fb3b25" testName="IdentityService.Tests.UnitTest1.Test1" computerName="HPOMNI_MJ" duration="00:00:00.0022247" startTime="2025-10-30T16:06:29.9952062-05:00" endTime="2025-10-30T16:06:29.9952066-05:00" testType="13cdc9d9-ddb5-4fa4-a97d-d965ccfc6d4b" outcome="Passed" testListId="8c84fa94-04c1-424b-9868-57a2d4851a1d" relativeResultsDirectory="38427e2d-acf0-43a8-9833-b4af70a11dd9" />
    <UnitTestResult executionId="781199f0-724b-4786-bf32-530be5282e9b" testId="3c0071e3-bda7-b14a-85cd-e726e0f0e9e8" testName="IdentityService.Tests.Integration.UsersControllerIntegrationTests.CreateUser_ReturnsCreatedUser" computerName="HPOMNI_MJ" duration="00:00:00.0010000" startTime="2025-10-30T16:06:29.9859952-05:00" endTime="2025-10-30T16:06:29.9860195-05:00" testType="13cdc9d9-ddb5-4fa4-a97d-d965ccfc6d4b" outcome="NotExecuted" testListId="8c84fa94-04c1-424b-9868-57a2d4851a1d" relativeResultsDirectory="781199f0-724b-4786-bf32-530be5282e9b">
      <Output>
        <ErrorInfo>
          <Message>Integration test requires proper database provider configuration</Message>
        </ErrorInfo>
      </Output>
    </UnitTestResult>
    <UnitTestResult executionId="15eab421-25ce-4686-8d50-9738ebcbd5c9" testId="35766e4f-07e2-0783-a111-6e9e3b956df4" testName="IdentityService.Tests.Services.UserServiceTests.CreateUserAsync_CreatesUser_WithHashedPassword" computerName="HPOMNI_MJ" duration="00:00:00.2732683" startTime="2025-10-30T16:06:30.6171019-05:00" endTime="2025-10-30T16:06:30.6171021-05:00" testType="13cdc9d9-ddb5-4fa4-a97d-d965ccfc6d4b" outcome="Passed" testListId="8c84fa94-04c1-424b-9868-57a2d4851a1d" relativeResultsDirectory="15eab421-25ce-4686-8d50-9738ebcbd5c9" />
    <UnitTestResult executionId="eb063e69-35ca-422f-ba48-60abd994d7a0" testId="0c69c75d-168c-19b2-d521-e4b85a489bc1" testName="IdentityService.Tests.Services.UserServiceTests.GetUserByIdAsync_ReturnsNull_WhenNotExists" computerName="HPOMNI_MJ" duration="00:00:00.3545787" startTime="2025-10-30T16:06:30.3434945-05:00" endTime="2025-10-30T16:06:30.3434949-05:00" testType="13cdc9d9-ddb5-4fa4-a97d-d965ccfc6d4b" outcome="Passed" testListId="8c84fa94-04c1-424b-9868-57a2d4851a1d" relativeResultsDirectory="eb063e69-35ca-422f-ba48-60abd994d7a0" />
  </Results>
  <TestDefinitions>
    <UnitTest name="IdentityService.Tests.Services.UserServiceTests.GetUserByIdAsync_ReturnsUser_WhenExists" storage="c:\abhi\projects\sri\navarch-studio\backend\identityservice.tests\bin\debug\net8.0\identityservice.tests.dll" id="5eeea301-b7aa-4559-9967-690010d643c4">
      <Execution id="df12d0a8-bef7-4c4a-83fb-e0b8a2ff834c" />
      <TestMethod codeBase="C:\Abhi\Projects\Sri\navarch-studio\backend\IdentityService.Tests\bin\Debug\net8.0\IdentityService.Tests.dll" adapterTypeName="executor://xunit/VsTestRunner2/netcoreapp" className="IdentityService.Tests.Services.UserServiceTests" name="GetUserByIdAsync_ReturnsUser_WhenExists" />
    </UnitTest>
    <UnitTest name="IdentityService.Tests.Integration.UsersControllerIntegrationTests.CreateUser_ReturnsCreatedUser" storage="c:\abhi\projects\sri\navarch-studio\backend\identityservice.tests\bin\debug\net8.0\identityservice.tests.dll" id="3c0071e3-bda7-b14a-85cd-e726e0f0e9e8">
      <Execution id="781199f0-724b-4786-bf32-530be5282e9b" />
      <TestMethod codeBase="C:\Abhi\Projects\Sri\navarch-studio\backend\IdentityService.Tests\bin\Debug\net8.0\IdentityService.Tests.dll" adapterTypeName="executor://xunit/VsTestRunner2/netcoreapp" className="IdentityService.Tests.Integration.UsersControllerIntegrationTests" name="CreateUser_ReturnsCreatedUser" />
    </UnitTest>
    <UnitTest name="IdentityService.Tests.Integration.UsersControllerIntegrationTests.GetUser_ReturnsUser" storage="c:\abhi\projects\sri\navarch-studio\backend\identityservice.tests\bin\debug\net8.0\identityservice.tests.dll" id="2429c01c-2b56-6657-a0c0-f7da45258006">
      <Execution id="9c44ba8d-98fc-4940-88df-dbe5c6cc1a74" />
      <TestMethod codeBase="C:\Abhi\Projects\Sri\navarch-studio\backend\IdentityService.Tests\bin\Debug\net8.0\IdentityService.Tests.dll" adapterTypeName="executor://xunit/VsTestRunner2/netcoreapp" className="IdentityService.Tests.Integration.UsersControllerIntegrationTests" name="GetUser_ReturnsUser" />
    </UnitTest>
    <UnitTest name="IdentityService.Tests.Services.UserServiceTests.GetUserByIdAsync_ReturnsNull_WhenNotExists" storage="c:\abhi\projects\sri\navarch-studio\backend\identityservice.tests\bin\debug\net8.0\identityservice.tests.dll" id="0c69c75d-168c-19b2-d521-e4b85a489bc1">
      <Execution id="eb063e69-35ca-422f-ba48-60abd994d7a0" />
      <TestMethod codeBase="C:\Abhi\Projects\Sri\navarch-studio\backend\IdentityService.Tests\bin\Debug\net8.0\IdentityService.Tests.dll" adapterTypeName="executor://xunit/VsTestRunner2/netcoreapp" className="IdentityService.Tests.Services.UserServiceTests" name="GetUserByIdAsync_ReturnsNull_WhenNotExists" />
    </UnitTest>
    <UnitTest name="IdentityService.Tests.UnitTest1.Test1" storage="c:\abhi\projects\sri\navarch-studio\backend\identityservice.tests\bin\debug\net8.0\identityservice.tests.dll" id="8f2d52ec-70cc-357f-8b51-123ef0fb3b25">
      <Execution id="38427e2d-acf0-43a8-9833-b4af70a11dd9" />
      <TestMethod codeBase="C:\Abhi\Projects\Sri\navarch-studio\backend\IdentityService.Tests\bin\Debug\net8.0\IdentityService.Tests.dll" adapterTypeName="executor://xunit/VsTestRunner2/netcoreapp" className="IdentityService.Tests.UnitTest1" name="Test1" />
    </UnitTest>
    <UnitTest name="IdentityService.Tests.Services.UserServiceTests.CreateUserAsync_CreatesUser_WithHashedPassword" storage="c:\abhi\projects\sri\navarch-studio\backend\identityservice.tests\bin\debug\net8.0\identityservice.tests.dll" id="35766e4f-07e2-0783-a111-6e9e3b956df4">
      <Execution id="15eab421-25ce-4686-8d50-9738ebcbd5c9" />
      <TestMethod codeBase="C:\Abhi\Projects\Sri\navarch-studio\backend\IdentityService.Tests\bin\Debug\net8.0\IdentityService.Tests.dll" adapterTypeName="executor://xunit/VsTestRunner2/netcoreapp" className="IdentityService.Tests.Services.UserServiceTests" name="CreateUserAsync_CreatesUser_WithHashedPassword" />
    </UnitTest>
  </TestDefinitions>
  <TestEntries>
    <TestEntry testId="5eeea301-b7aa-4559-9967-690010d643c4" executionId="df12d0a8-bef7-4c4a-83fb-e0b8a2ff834c" testListId="8c84fa94-04c1-424b-9868-57a2d4851a1d" />
    <TestEntry testId="2429c01c-2b56-6657-a0c0-f7da45258006" executionId="9c44ba8d-98fc-4940-88df-dbe5c6cc1a74" testListId="8c84fa94-04c1-424b-9868-57a2d4851a1d" />
    <TestEntry testId="8f2d52ec-70cc-357f-8b51-123ef0fb3b25" executionId="38427e2d-acf0-43a8-9833-b4af70a11dd9" testListId="8c84fa94-04c1-424b-9868-57a2d4851a1d" />
    <TestEntry testId="3c0071e3-bda7-b14a-85cd-e726e0f0e9e8" executionId="781199f0-724b-4786-bf32-530be5282e9b" testListId="8c84fa94-04c1-424b-9868-57a2d4851a1d" />
    <TestEntry testId="35766e4f-07e2-0783-a111-6e9e3b956df4" executionId="15eab421-25ce-4686-8d50-9738ebcbd5c9" testListId="8c84fa94-04c1-424b-9868-57a2d4851a1d" />
    <TestEntry testId="0c69c75d-168c-19b2-d521-e4b85a489bc1" executionId="eb063e69-35ca-422f-ba48-60abd994d7a0" testListId="8c84fa94-04c1-424b-9868-57a2d4851a1d" />
  </TestEntries>
  <TestLists>
    <TestList name="Results Not in a List" id="8c84fa94-04c1-424b-9868-57a2d4851a1d" />
    <TestList name="All Loaded Results" id="19431567-8539-422a-85d7-44ee4e166bda" />
  </TestLists>
  <ResultSummary outcome="Completed">
    <Counters total="6" executed="4" passed="4" failed="0" error="0" timeout="0" aborted="0" inconclusive="0" passedButRunAborted="0" notRunnable="0" notExecuted="0" disconnected="0" warning="0" completed="0" inProgress="0" pending="0" />
    <Output>
      <StdOut>[xUnit.net 00:00:00.00] xUnit.net VSTest Adapter v2.8.2+699d445a1a (64-bit .NET 8.0.21)&#xD;
[xUnit.net 00:00:01.03]   Discovering: IdentityService.Tests&#xD;
[xUnit.net 00:00:01.05]   Discovered:  IdentityService.Tests&#xD;
[xUnit.net 00:00:01.06]   Starting:    IdentityService.Tests&#xD;
[xUnit.net 00:00:01.08]       Integration test requires proper database provider configuration&#xD;
[xUnit.net 00:00:01.09]       Integration test requires proper database provider configuration&#xD;
     Warning:&#xD;
     The component "Fluent Assertions" is governed by the rules defined in the Xceed License Agreement and&#xD;
     the Xceed Fluent Assertions Community License. You may use Fluent Assertions free of charge for&#xD;
     non-commercial use only. An active subscription is required to use Fluent Assertions for commercial use.&#xD;
     Please contact Xceed Sales mailto:sales@xceed.com to acquire a subscription at a very low cost.&#xD;
     A paid commercial license supports the development and continued increasing support of&#xD;
     Fluent Assertions users under both commercial and community licenses. Help us&#xD;
     keep Fluent Assertions at the forefront of unit testing.&#xD;
     For more information, visit https://xceed.com/products/unit-testing/fluent-assertions/&#xD;
Test 'IdentityService.Tests.Integration.UsersControllerIntegrationTests.CreateUser_ReturnsCreatedUser' was skipped in the test run.&#xD;
Test 'IdentityService.Tests.Integration.UsersControllerIntegrationTests.GetUser_ReturnsUser' was skipped in the test run.&#xD;
[xUnit.net 00:00:01.90]   Finished:    IdentityService.Tests&#xD;
</StdOut>
    </Output>
    <RunInfos>
      <RunInfo computerName="HPOMNI_MJ" outcome="Warning" timestamp="2025-10-30T16:06:29.9851127-05:00">
        <Text>[xUnit.net 00:00:01.08]     IdentityService.Tests.Integration.UsersControllerIntegrationTests.CreateUser_ReturnsCreatedUser [SKIP]</Text>
      </RunInfo>
      <RunInfo computerName="HPOMNI_MJ" outcome="Warning" timestamp="2025-10-30T16:06:29.9900286-05:00">
        <Text>[xUnit.net 00:00:01.09]     IdentityService.Tests.Integration.UsersControllerIntegrationTests.GetUser_ReturnsUser [SKIP]</Text>
      </RunInfo>
    </RunInfos>
  </ResultSummary>
</TestRun>